[880.122 (CET,GMT+1) 2012-03-14 20:24:28.122 'Europe/Helsinki'] [timed,6800] NOTICE: time daemon started; debug_flags: timed=0, qmlog=0; syslog-level: 7 /var/log-level: 7 isatty(2)=0
[880.122 (CET,GMT+1) 2012-03-14 20:24:28.122 'Europe/Helsinki'] [timed,6800] NOTICE: image_type=''
[880.170 (CET,GMT+1) 2012-03-14 20:24:28.170 'Europe/Helsinki'] [timed,6800] DEBUG: at timed.cpp:93 in Timed::Timed(int, char**)
[880.170 (CET,GMT+1) 2012-03-14 20:24:28.170 'Europe/Helsinki'] [timed(sb),6800] INFO at timed.cpp:200 in void Timed::init_scratchbox_mode():
[880.170 (CET,GMT+1) 2012-03-14 20:24:28.170 'Europe/Helsinki'] [timed(sb),6800] -- SCRATCHBOX detected
[880.170 (CET,GMT+1) 2012-03-14 20:24:28.170 'Europe/Helsinki'] [timed(sb),6800] DEBUG: at timed.cpp:96 in Timed::Timed(int, char**)
[880.170 (CET,GMT+1) 2012-03-14 20:24:28.170 'Europe/Helsinki'] [timed(sb),6800] DEBUG: at timed.cpp:99 in Timed::Timed(int, char**)
[880.170 (CET,GMT+1) 2012-03-14 20:24:28.170 'Europe/Helsinki'] [timed(sb),6800] DEBUG: at timed.cpp:102 in Timed::Timed(int, char**)
[880.170 (CET,GMT+1) 2012-03-14 20:24:28.170 'Europe/Helsinki'] [timed(sb),6800] DEBUG: at timed.cpp:106 in Timed::Timed(int, char**)
[880.182 (CET,GMT+1) 2012-03-14 20:24:28.182 'Europe/Helsinki'] [timed(sb),6800] DEBUG: at storage.cpp:118 in iodata::record* iodata::storage::load()
[880.182 (CET,GMT+1) 2012-03-14 20:24:28.182 'Europe/Helsinki'] [timed(sb),6800] DEBUG: at storage.cpp:120 in iodata::record* iodata::storage::load()
[880.182 (CET,GMT+1) 2012-03-14 20:24:28.182 'Europe/Helsinki'] [timed(sb),6800] INFO at storage.cpp:133 in iodata::record* iodata::storage::load():
[880.182 (CET,GMT+1) 2012-03-14 20:24:28.182 'Europe/Helsinki'] [timed(sb),6800] -- read data from '/etc/timed.rc'
[880.182 (CET,GMT+1) 2012-03-14 20:24:28.182 'Europe/Helsinki'] [timed(sb),6800] INFO at timed.cpp:364 in void Timed::init_configuration():
[880.182 (CET,GMT+1) 2012-03-14 20:24:28.182 'Europe/Helsinki'] [timed(sb),6800] -- configuration loaded from '/etc/timed.rc'
[880.182 (CET,GMT+1) 2012-03-14 20:24:28.182 'Europe/Helsinki'] [timed(sb),6800] DEBUG at timed.cpp:375 in void Timed::init_configuration():
[880.182 (CET,GMT+1) 2012-03-14 20:24:28.182 'Europe/Helsinki'] [timed(sb),6800] -- deleting iodata::record *c
[880.182 (CET,GMT+1) 2012-03-14 20:24:28.182 'Europe/Helsinki'] [timed(sb),6800] DEBUG at timed.cpp:377 in void Timed::init_configuration():
[880.182 (CET,GMT+1) 2012-03-14 20:24:28.182 'Europe/Helsinki'] [timed(sb),6800] -- deleting config_storage
[880.182 (CET,GMT+1) 2012-03-14 20:24:28.182 'Europe/Helsinki'] [timed(sb),6800] DEBUG at timed.cpp:379 in void Timed::init_configuration():
[880.182 (CET,GMT+1) 2012-03-14 20:24:28.182 'Europe/Helsinki'] [timed(sb),6800] -- done
[880.182 (CET,GMT+1) 2012-03-14 20:24:28.182 'Europe/Helsinki'] [timed(sb),6800] DEBUG: at timed.cpp:109 in Timed::Timed(int, char**)
[880.182 (CET,GMT+1) 2012-03-14 20:24:28.182 'Europe/Helsinki'] [timed(sb),6800] WARNING: can't read '/usr/share/timed/customization.data': No such file or directory
[880.182 (CET,GMT+1) 2012-03-14 20:24:28.182 'Europe/Helsinki'] [timed(sb),6800] INFO at storage.cpp:161 in iodata::record* iodata::storage::load():
[880.182 (CET,GMT+1) 2012-03-14 20:24:28.182 'Europe/Helsinki'] [timed(sb),6800] -- using default values for data in '/usr/share/timed/customization.data'
[880.182 (CET,GMT+1) 2012-03-14 20:24:28.182 'Europe/Helsinki'] [timed(sb),6800] WARNING: customization file '/usr/share/timed/customization.data' corrupted or non-existing, using default values
[880.183 (CET,GMT+1) 2012-03-14 20:24:28.183 'Europe/Helsinki'] [timed(sb),6800] DEBUG: at timed.cpp:112 in Timed::Timed(int, char**)
[880.183 (CET,GMT+1) 2012-03-14 20:24:28.183 'Europe/Helsinki'] [timed(sb),6800] WARNING: can't read '/var/cache/timed/settings.data': No such file or directory
[880.183 (CET,GMT+1) 2012-03-14 20:24:28.183 'Europe/Helsinki'] [timed(sb),6800] WARNING: can't read '/var/cache/timed/settings.data.bak': No such file or directory
[880.183 (CET,GMT+1) 2012-03-14 20:24:28.183 'Europe/Helsinki'] [timed(sb),6800] INFO at storage.cpp:161 in iodata::record* iodata::storage::load():
[880.183 (CET,GMT+1) 2012-03-14 20:24:28.183 'Europe/Helsinki'] [timed(sb),6800] -- using default values for data in '/var/cache/timed/settings.data'
[880.183 (CET,GMT+1) 2012-03-14 20:24:28.183 'Europe/Helsinki'] [timed(sb),6800] DEBUG: at settings.cpp:94 in source_settings::source_settings(Timed*)
[880.183 (CET,GMT+1) 2012-03-14 20:24:28.183 'Europe/Helsinki'] [timed(sb),6800] DEBUG: at settings.cpp:138 in void source_settings::load(const iodata::record*, const std::string&)
[880.183 (CET,GMT+1) 2012-03-14 20:24:28.183 'Europe/Helsinki'] [timed(sb),6800] DEBUG at settings.cpp:139 in void source_settings::load(const iodata::record*, const std::string&):
[880.183 (CET,GMT+1) 2012-03-14 20:24:28.183 'Europe/Helsinki'] [timed(sb),6800] -- CUST time_nitz: 1
[880.183 (CET,GMT+1) 2012-03-14 20:24:28.183 'Europe/Helsinki'] [timed(sb),6800] DEBUG at settings.cpp:140 in void source_settings::load(const iodata::record*, const std::string&):
[880.183 (CET,GMT+1) 2012-03-14 20:24:28.183 'Europe/Helsinki'] [timed(sb),6800] -- CUST format_24: 1
[880.183 (CET,GMT+1) 2012-03-14 20:24:28.183 'Europe/Helsinki'] [timed(sb),6800] DEBUG at settings.cpp:147 in void source_settings::load(const iodata::record*, const std::string&):
[880.183 (CET,GMT+1) 2012-03-14 20:24:28.183 'Europe/Helsinki'] [timed(sb),6800] -- alarms_are_enabled := alarms == 1
[880.183 (CET,GMT+1) 2012-03-14 20:24:28.183 'Europe/Helsinki'] [timed(sb),6800] DEBUG at settings.cpp:150 in void source_settings::load(const iodata::record*, const std::string&):
[880.183 (CET,GMT+1) 2012-03-14 20:24:28.183 'Europe/Helsinki'] [timed(sb),6800] -- it: 'cellular_zone'
[880.183 (CET,GMT+1) 2012-03-14 20:24:28.183 'Europe/Helsinki'] [timed(sb),6800] DEBUG: at settings.cpp:157 in void source_settings::load(const iodata::record*, const std::string&)
[880.183 (CET,GMT+1) 2012-03-14 20:24:28.183 'Europe/Helsinki'] [timed(sb),6800] DEBUG at settings.cpp:150 in void source_settings::load(const iodata::record*, const std::string&):
[880.183 (CET,GMT+1) 2012-03-14 20:24:28.183 'Europe/Helsinki'] [timed(sb),6800] -- it: 'gps_utc'
[880.183 (CET,GMT+1) 2012-03-14 20:24:28.183 'Europe/Helsinki'] [timed(sb),6800] DEBUG: at settings.cpp:157 in void source_settings::load(const iodata::record*, const std::string&)
[880.183 (CET,GMT+1) 2012-03-14 20:24:28.183 'Europe/Helsinki'] [timed(sb),6800] DEBUG at settings.cpp:150 in void source_settings::load(const iodata::record*, const std::string&):
[880.183 (CET,GMT+1) 2012-03-14 20:24:28.183 'Europe/Helsinki'] [timed(sb),6800] -- it: 'manual_offset'
[880.183 (CET,GMT+1) 2012-03-14 20:24:28.183 'Europe/Helsinki'] [timed(sb),6800] DEBUG: at settings.cpp:157 in void source_settings::load(const iodata::record*, const std::string&)
[880.183 (CET,GMT+1) 2012-03-14 20:24:28.183 'Europe/Helsinki'] [timed(sb),6800] DEBUG at settings.cpp:150 in void source_settings::load(const iodata::record*, const std::string&):
[880.183 (CET,GMT+1) 2012-03-14 20:24:28.183 'Europe/Helsinki'] [timed(sb),6800] -- it: 'manual_utc'
[880.183 (CET,GMT+1) 2012-03-14 20:24:28.183 'Europe/Helsinki'] [timed(sb),6800] DEBUG: at settings.cpp:157 in void source_settings::load(const iodata::record*, const std::string&)
[880.183 (CET,GMT+1) 2012-03-14 20:24:28.183 'Europe/Helsinki'] [timed(sb),6800] DEBUG at settings.cpp:150 in void source_settings::load(const iodata::record*, const std::string&):
[880.183 (CET,GMT+1) 2012-03-14 20:24:28.183 'Europe/Helsinki'] [timed(sb),6800] -- it: 'manual_zone'
[880.183 (CET,GMT+1) 2012-03-14 20:24:28.183 'Europe/Helsinki'] [timed(sb),6800] DEBUG: at settings.cpp:157 in void source_settings::load(const iodata::record*, const std::string&)
[880.183 (CET,GMT+1) 2012-03-14 20:24:28.183 'Europe/Helsinki'] [timed(sb),6800] DEBUG at settings.cpp:150 in void source_settings::load(const iodata::record*, const std::string&):
[880.183 (CET,GMT+1) 2012-03-14 20:24:28.183 'Europe/Helsinki'] [timed(sb),6800] -- it: 'nitz_offset'
[880.183 (CET,GMT+1) 2012-03-14 20:24:28.183 'Europe/Helsinki'] [timed(sb),6800] DEBUG: at settings.cpp:157 in void source_settings::load(const iodata::record*, const std::string&)
[880.183 (CET,GMT+1) 2012-03-14 20:24:28.183 'Europe/Helsinki'] [timed(sb),6800] DEBUG at settings.cpp:150 in void source_settings::load(const iodata::record*, const std::string&):
[880.183 (CET,GMT+1) 2012-03-14 20:24:28.183 'Europe/Helsinki'] [timed(sb),6800] -- it: 'nitz_utc'
[880.184 (CET,GMT+1) 2012-03-14 20:24:28.184 'Europe/Helsinki'] [timed(sb),6800] DEBUG: at settings.cpp:157 in void source_settings::load(const iodata::record*, const std::string&)
[880.184 (CET,GMT+1) 2012-03-14 20:24:28.184 'Europe/Helsinki'] [timed(sb),6800] DEBUG at settings.cpp:150 in void source_settings::load(const iodata::record*, const std::string&):
[880.184 (CET,GMT+1) 2012-03-14 20:24:28.184 'Europe/Helsinki'] [timed(sb),6800] -- it: 'ntp_utc'
[880.184 (CET,GMT+1) 2012-03-14 20:24:28.184 'Europe/Helsinki'] [timed(sb),6800] DEBUG: at settings.cpp:157 in void source_settings::load(const iodata::record*, const std::string&)
[880.184 (CET,GMT+1) 2012-03-14 20:24:28.184 'Europe/Helsinki'] [timed(sb),6800] DEBUG: at timed.cpp:115 in Timed::Timed(int, char**)
[880.184 (CET,GMT+1) 2012-03-14 20:24:28.184 'Europe/Helsinki'] [timed(sb),6800] DEBUG: at machine.cpp:41 in machine_t::machine_t(const Timed*)
[880.184 (CET,GMT+1) 2012-03-14 20:24:28.184 'Europe/Helsinki'] [timed(sb),6800] DEBUG: at machine.cpp:89 in machine_t::machine_t(const Timed*)
[880.184 (CET,GMT+1) 2012-03-14 20:24:28.184 'Europe/Helsinki'] [timed(sb),6800] DEBUG: at machine.cpp:93 in machine_t::machine_t(const Timed*)
[880.184 (CET,GMT+1) 2012-03-14 20:24:28.184 'Europe/Helsinki'] [timed(sb),6800] DEBUG: at machine.cpp:97 in machine_t::machine_t(const Timed*)
[880.184 (CET,GMT+1) 2012-03-14 20:24:28.184 'Europe/Helsinki'] [timed(sb),6800] DEBUG: at machine.cpp:104 in machine_t::machine_t(const Timed*)
[880.184 (CET,GMT+1) 2012-03-14 20:24:28.184 'Europe/Helsinki'] [timed(sb),6800] DEBUG: at state.cpp:159 in virtual void abstract_gate_state_t::open()
[880.184 (CET,GMT+1) 2012-03-14 20:24:28.184 'Europe/Helsinki'] [timed(sb),6800] DEBUG: at state.cpp:161 in virtual void abstract_gate_state_t::open()
[880.184 (CET,GMT+1) 2012-03-14 20:24:28.184 'Europe/Helsinki'] [timed(sb),6800] DEBUG at state.cpp:164 in virtual void abstract_gate_state_t::open():
[880.184 (CET,GMT+1) 2012-03-14 20:24:28.184 'Europe/Helsinki'] [timed(sb),6800] -- events.empty()=1
[880.184 (CET,GMT+1) 2012-03-14 20:24:28.184 'Europe/Helsinki'] [timed(sb),6800] DEBUG: at state.cpp:167 in virtual void abstract_gate_state_t::open()
[880.184 (CET,GMT+1) 2012-03-14 20:24:28.184 'Europe/Helsinki'] [timed(sb),6800] DEBUG: at machine.cpp:166 in machine_t::machine_t(const Timed*)
[880.184 (CET,GMT+1) 2012-03-14 20:24:28.184 'Europe/Helsinki'] [timed(sb),6800] DEBUG: at machine.cpp:168 in machine_t::machine_t(const Timed*)
[880.184 (CET,GMT+1) 2012-03-14 20:24:28.184 'Europe/Helsinki'] [timed(sb),6800] DEBUG at state.cpp:328 in void state_queued_t::engine_pause(int):
[880.184 (CET,GMT+1) 2012-03-14 20:24:28.184 'Europe/Helsinki'] [timed(sb),6800] -- dx=1, current pause value: '0', new value will be 1
[880.184 (CET,GMT+1) 2012-03-14 20:24:28.184 'Europe/Helsinki'] [timed(sb),6800] DEBUG: at machine.cpp:170 in machine_t::machine_t(const Timed*)
[880.184 (CET,GMT+1) 2012-03-14 20:24:28.184 'Europe/Helsinki'] [timed(sb),6800] DEBUG: at machine.cpp:173 in machine_t::machine_t(const Timed*)
[880.184 (CET,GMT+1) 2012-03-14 20:24:28.184 'Europe/Helsinki'] [timed(sb),6800] DEBUG: at machine.cpp:175 in machine_t::machine_t(const Timed*)
[880.184 (CET,GMT+1) 2012-03-14 20:24:28.184 'Europe/Helsinki'] [timed(sb),6800] DEBUG: at machine.cpp:178 in machine_t::machine_t(const Timed*)
[880.184 (CET,GMT+1) 2012-03-14 20:24:28.184 'Europe/Helsinki'] [timed(sb),6800] DEBUG: at machine.cpp:180 in machine_t::machine_t(const Timed*)
[880.184 (CET,GMT+1) 2012-03-14 20:24:28.184 'Europe/Helsinki'] [timed(sb),6800] DEBUG: at machine.cpp:182 in machine_t::machine_t(const Timed*)
[880.184 (CET,GMT+1) 2012-03-14 20:24:28.184 'Europe/Helsinki'] [timed(sb),6800] DEBUG at machine.cpp:184 in machine_t::machine_t(const Timed*):
[880.184 (CET,GMT+1) 2012-03-14 20:24:28.184 'Europe/Helsinki'] [timed(sb),6800] -- machine->settings->alarms_are_enabled=1
[880.185 (CET,GMT+1) 2012-03-14 20:24:28.185 'Europe/Helsinki'] [timed(sb),6800] DEBUG: at machine.cpp:185 in machine_t::machine_t(const Timed*)
[880.185 (CET,GMT+1) 2012-03-14 20:24:28.185 'Europe/Helsinki'] [timed(sb),6800] DEBUG: at state.cpp:159 in virtual void abstract_gate_state_t::open()
[880.185 (CET,GMT+1) 2012-03-14 20:24:28.185 'Europe/Helsinki'] [timed(sb),6800] DEBUG: at state.cpp:161 in virtual void abstract_gate_state_t::open()
[880.185 (CET,GMT+1) 2012-03-14 20:24:28.185 'Europe/Helsinki'] [timed(sb),6800] DEBUG at state.cpp:164 in virtual void abstract_gate_state_t::open():
[880.185 (CET,GMT+1) 2012-03-14 20:24:28.185 'Europe/Helsinki'] [timed(sb),6800] -- events.empty()=1
[880.185 (CET,GMT+1) 2012-03-14 20:24:28.185 'Europe/Helsinki'] [timed(sb),6800] DEBUG: at state.cpp:167 in virtual void abstract_gate_state_t::open()
[880.185 (CET,GMT+1) 2012-03-14 20:24:28.185 'Europe/Helsinki'] [timed(sb),6800] DEBUG: at machine.cpp:187 in machine_t::machine_t(const Timed*)
[880.185 (CET,GMT+1) 2012-03-14 20:24:28.185 'Europe/Helsinki'] [timed(sb),6800] DEBUG: at machine.cpp:191 in machine_t::machine_t(const Timed*)
[880.185 (CET,GMT+1) 2012-03-14 20:24:28.185 'Europe/Helsinki'] [timed(sb),6800] DEBUG: at machine.cpp:193 in machine_t::machine_t(const Timed*)
[880.185 (CET,GMT+1) 2012-03-14 20:24:28.185 'Europe/Helsinki'] [timed(sb),6800] DEBUG at machine.cpp:195 in machine_t::machine_t(const Timed*):
[880.185 (CET,GMT+1) 2012-03-14 20:24:28.185 'Europe/Helsinki'] [timed(sb),6800] -- last line
[880.185 (CET,GMT+1) 2012-03-14 20:24:28.185 'Europe/Helsinki'] [timed(sb),6800] DEBUG at timed.cpp:446 in void Timed::init_create_event_machine():
[880.185 (CET,GMT+1) 2012-03-14 20:24:28.185 'Europe/Helsinki'] [timed(sb),6800] -- am=new machine done
[880.185 (CET,GMT+1) 2012-03-14 20:24:28.185 'Europe/Helsinki'] [timed(sb),6800] DEBUG: at timed.cpp:118 in Timed::Timed(int, char**)
[880.186 (CET,GMT+1) 2012-03-14 20:24:28.186 'Europe/Helsinki'] [timed(sb),6800] NOTICE: MODE: running in USER mode
[880.186 (CET,GMT+1) 2012-03-14 20:24:28.186 'Europe/Helsinki'] [timed(sb),6800] DEBUG: at state.cpp:159 in virtual void abstract_gate_state_t::open()
[880.186 (CET,GMT+1) 2012-03-14 20:24:28.186 'Europe/Helsinki'] [timed(sb),6800] DEBUG: at state.cpp:161 in virtual void abstract_gate_state_t::open()
[880.186 (CET,GMT+1) 2012-03-14 20:24:28.186 'Europe/Helsinki'] [timed(sb),6800] DEBUG at state.cpp:164 in virtual void abstract_gate_state_t::open():
[880.186 (CET,GMT+1) 2012-03-14 20:24:28.186 'Europe/Helsinki'] [timed(sb),6800] -- events.empty()=1
[880.186 (CET,GMT+1) 2012-03-14 20:24:28.186 'Europe/Helsinki'] [timed(sb),6800] DEBUG: at state.cpp:167 in virtual void abstract_gate_state_t::open()
[880.186 (CET,GMT+1) 2012-03-14 20:24:28.186 'Europe/Helsinki'] [timed(sb),6800] INFO at machine.cpp:230 in void machine_t::device_mode_detected(bool):
[880.186 (CET,GMT+1) 2012-03-14 20:24:28.186 'Europe/Helsinki'] [timed(sb),6800] -- device_mode_detected: USER
[880.186 (CET,GMT+1) 2012-03-14 20:24:28.186 'Europe/Helsinki'] [timed(sb),6800] NOTICE: unfreezing event machine
[880.187 (CET,GMT+1) 2012-03-14 20:24:28.187 'Europe/Helsinki'] [timed(sb),6800] DEBUG: at state.cpp:159 in virtual void abstract_gate_state_t::open()
[880.187 (CET,GMT+1) 2012-03-14 20:24:28.187 'Europe/Helsinki'] [timed(sb),6800] DEBUG: at state.cpp:161 in virtual void abstract_gate_state_t::open()
[880.187 (CET,GMT+1) 2012-03-14 20:24:28.187 'Europe/Helsinki'] [timed(sb),6800] DEBUG at state.cpp:164 in virtual void abstract_gate_state_t::open():
[880.187 (CET,GMT+1) 2012-03-14 20:24:28.187 'Europe/Helsinki'] [timed(sb),6800] -- events.empty()=1
[880.187 (CET,GMT+1) 2012-03-14 20:24:28.187 'Europe/Helsinki'] [timed(sb),6800] DEBUG: at state.cpp:167 in virtual void abstract_gate_state_t::open()
[880.187 (CET,GMT+1) 2012-03-14 20:24:28.187 'Europe/Helsinki'] [timed(sb),6800] DEBUG: at machine.cpp:385 in void machine_t::send_bootup_signal()
[880.187 (CET,GMT+1) 2012-03-14 20:24:28.187 'Europe/Helsinki'] [timed(sb),6800] DEBUG at machine.cpp:395 in void machine_t::send_bootup_signal():
[880.187 (CET,GMT+1) 2012-03-14 20:24:28.187 'Europe/Helsinki'] [timed(sb),6800] -- signalled_bootup=-1, next_bootup=0
[880.187 (CET,GMT+1) 2012-03-14 20:24:28.187 'Europe/Helsinki'] [timed(sb),6800] DEBUG: at machine.cpp:398 in void machine_t::send_bootup_signal()
[880.187 (CET,GMT+1) 2012-03-14 20:24:28.187 'Europe/Helsinki'] [timed(sb),6800] DEBUG: at timed.cpp:121 in Timed::Timed(int, char**)
[880.189 (CET,GMT+1) 2012-03-14 20:24:28.189 'Europe/Helsinki'] [timed(sb),6800] DEBUG at timed.cpp:519 in void Timed::init_context_objects():
[880.189 (CET,GMT+1) 2012-03-14 20:24:28.189 'Europe/Helsinki'] [timed(sb),6800] -- (new ContextProvider::Service(Maemo::Timed::bus()))->setAsDefault()
[880.190 (CET,GMT+1) 2012-03-14 20:24:28.190 'Europe/Helsinki'] [timed(sb),6800] DEBUG: at timed.cpp:124 in Timed::Timed(int, char**)
[880.190 (CET,GMT+1) 2012-03-14 20:24:28.190 'Europe/Helsinki'] [timed(sb),6800] INFO at timed.cpp:539 in void Timed::init_backup_object():
[880.190 (CET,GMT+1) 2012-03-14 20:24:28.190 'Europe/Helsinki'] [timed(sb),6800] -- backup interface object registered on path '/com/nokia/timed/backup'
[880.190 (CET,GMT+1) 2012-03-14 20:24:28.190 'Europe/Helsinki'] [timed(sb),6800] DEBUG: at timed.cpp:127 in Timed::Timed(int, char**)
[880.190 (CET,GMT+1) 2012-03-14 20:24:28.190 'Europe/Helsinki'] [timed(sb),6800] INFO at timed.cpp:553 in void Timed::init_main_interface_object():
[880.190 (CET,GMT+1) 2012-03-14 20:24:28.190 'Europe/Helsinki'] [timed(sb),6800] -- main interface object registered on path '/com/nokia/time'
[880.190 (CET,GMT+1) 2012-03-14 20:24:28.190 'Europe/Helsinki'] [timed(sb),6800] DEBUG: at timed.cpp:130 in Timed::Timed(int, char**)
[880.191 (CET,GMT+1) 2012-03-14 20:24:28.191 'Europe/Helsinki'] [timed(sb),6800] INFO at timed.cpp:572 in void Timed::init_backup_dbus_name():
[880.191 (CET,GMT+1) 2012-03-14 20:24:28.191 'Europe/Helsinki'] [timed(sb),6800] -- service name 'com.nokia.timed.backup' registered on bus 'qt_default_system_bus'
[880.191 (CET,GMT+1) 2012-03-14 20:24:28.191 'Europe/Helsinki'] [timed(sb),6800] DEBUG: at timed.cpp:133 in Timed::Timed(int, char**)
[880.191 (CET,GMT+1) 2012-03-14 20:24:28.191 'Europe/Helsinki'] [timed(sb),6800] INFO at timed.cpp:589 in void Timed::init_main_interface_dbus_name():
[880.191 (CET,GMT+1) 2012-03-14 20:24:28.191 'Europe/Helsinki'] [timed(sb),6800] -- service name 'com.nokia.time' registered on bus 'qt_default_system_bus'
[880.191 (CET,GMT+1) 2012-03-14 20:24:28.191 'Europe/Helsinki'] [timed(sb),6800] DEBUG: at timed.cpp:136 in Timed::Timed(int, char**)
[880.192 (CET,GMT+1) 2012-03-14 20:24:28.192 'Europe/Helsinki'] [timed(sb),6800] DEBUG: at timed.cpp:139 in Timed::Timed(int, char**)
[880.192 (CET,GMT+1) 2012-03-14 20:24:28.192 'Europe/Helsinki'] [timed(sb),6800] WARNING: can't read '/var/cache/timed/aegis/events.data': No such file or directory
[880.192 (CET,GMT+1) 2012-03-14 20:24:28.192 'Europe/Helsinki'] [timed(sb),6800] WARNING: can't read '/var/cache/timed/aegis/events.data.bak': No such file or directory
[880.192 (CET,GMT+1) 2012-03-14 20:24:28.192 'Europe/Helsinki'] [timed(sb),6800] INFO at storage.cpp:161 in iodata::record* iodata::storage::load():
[880.192 (CET,GMT+1) 2012-03-14 20:24:28.192 'Europe/Helsinki'] [timed(sb),6800] -- using default values for data in '/var/cache/timed/aegis/events.data'
[880.192 (CET,GMT+1) 2012-03-14 20:24:28.192 'Europe/Helsinki'] [timed(sb),6800] DEBUG: at timed.cpp:142 in Timed::Timed(int, char**)
[880.192 (CET,GMT+1) 2012-03-14 20:24:28.192 'Europe/Helsinki'] [timed(sb),6800] NOTICE: opening file '/usr/share/tzdata-timed/country-by-mcc.data', reading record of type 'mcc_to_xy_t'
[880.241 (CET,GMT+1) 2012-03-14 20:24:28.241 'Europe/Helsinki'] [timed(sb),6800] DEBUG: at storage.cpp:118 in iodata::record* iodata::storage::load()
[880.241 (CET,GMT+1) 2012-03-14 20:24:28.241 'Europe/Helsinki'] [timed(sb),6800] DEBUG: at storage.cpp:120 in iodata::record* iodata::storage::load()
[880.241 (CET,GMT+1) 2012-03-14 20:24:28.241 'Europe/Helsinki'] [timed(sb),6800] INFO at storage.cpp:133 in iodata::record* iodata::storage::load():
[880.241 (CET,GMT+1) 2012-03-14 20:24:28.241 'Europe/Helsinki'] [timed(sb),6800] -- read data from '/usr/share/tzdata-timed/country-by-mcc.data'
[880.241 (CET,GMT+1) 2012-03-14 20:24:28.241 'Europe/Helsinki'] [timed(sb),6800] NOTICE: opening file '/usr/share/tzdata-timed/single.data', reading record of type 'tz_single_t'
[880.243 (CET,GMT+1) 2012-03-14 20:24:28.243 'Europe/Helsinki'] [timed(sb),6800] DEBUG: at storage.cpp:118 in iodata::record* iodata::storage::load()
[880.243 (CET,GMT+1) 2012-03-14 20:24:28.243 'Europe/Helsinki'] [timed(sb),6800] DEBUG: at storage.cpp:120 in iodata::record* iodata::storage::load()
[880.243 (CET,GMT+1) 2012-03-14 20:24:28.243 'Europe/Helsinki'] [timed(sb),6800] INFO at storage.cpp:133 in iodata::record* iodata::storage::load():
[880.243 (CET,GMT+1) 2012-03-14 20:24:28.243 'Europe/Helsinki'] [timed(sb),6800] -- read data from '/usr/share/tzdata-timed/single.data'
[880.243 (CET,GMT+1) 2012-03-14 20:24:28.243 'Europe/Helsinki'] [timed(sb),6800] NOTICE: opening file '/usr/share/tzdata-timed/zones-by-country.data', reading record of type 'zones_by_country_t'
[880.244 (CET,GMT+1) 2012-03-14 20:24:28.244 'Europe/Helsinki'] [timed(sb),6800] DEBUG: at storage.cpp:118 in iodata::record* iodata::storage::load()
[880.244 (CET,GMT+1) 2012-03-14 20:24:28.244 'Europe/Helsinki'] [timed(sb),6800] DEBUG: at storage.cpp:120 in iodata::record* iodata::storage::load()
[880.244 (CET,GMT+1) 2012-03-14 20:24:28.244 'Europe/Helsinki'] [timed(sb),6800] INFO at storage.cpp:133 in iodata::record* iodata::storage::load():
[880.244 (CET,GMT+1) 2012-03-14 20:24:28.244 'Europe/Helsinki'] [timed(sb),6800] -- read data from '/usr/share/tzdata-timed/zones-by-country.data'
[880.248 (CET,GMT+1) 2012-03-14 20:24:28.248 'Europe/Helsinki'] [timed(sb),6800] INFO at csd.cpp:48 in csd_t::csd_t(Timed*):
[880.248 (CET,GMT+1) 2012-03-14 20:24:28.248 'Europe/Helsinki'] [timed(sb),6800] -- succesfully connected to csd time signals
[880.248 (CET,GMT+1) 2012-03-14 20:24:28.248 'Europe/Helsinki'] [timed(sb),6800] INFO at csd.cpp:56 in csd_t::csd_t(Timed*):
[880.248 (CET,GMT+1) 2012-03-14 20:24:28.248 'Europe/Helsinki'] [timed(sb),6800] -- succesfully connected to csd network operator signal
[880.248 (CET,GMT+1) 2012-03-14 20:24:28.248 'Europe/Helsinki'] [timed(sb),6800] DEBUG: at timed.cpp:145 in Timed::Timed(int, char**)
[880.360 (CET,GMT+1) 2012-03-14 20:24:28.360 'Europe/Helsinki'] [timed(sb),6800] DEBUG: at timed.cpp:148 in Timed::Timed(int, char**)
[880.360 (CET,GMT+1) 2012-03-14 20:24:28.360 'Europe/Helsinki'] [timed(sb),6800] DEBUG: at timed.cpp:689 in void Timed::init_dst_checker()
[880.360 (CET,GMT+1) 2012-03-14 20:24:28.360 'Europe/Helsinki'] [timed(sb),6800] DEBUG at timed.cpp:152 in Timed::Timed(int, char**):
[880.360 (CET,GMT+1) 2012-03-14 20:24:28.360 'Europe/Helsinki'] [timed(sb),6800] -- starting event mahine
[880.360 (CET,GMT+1) 2012-03-14 20:24:28.360 'Europe/Helsinki'] [timed(sb),6800] CRITICAL ERROR: can't fix the primary settings file
[880.360 (CET,GMT+1) 2012-03-14 20:24:28.360 'Europe/Helsinki'] [timed(sb),6800] CRITICAL ERROR: can't fix the primary event queue file
[880.360 (CET,GMT+1) 2012-03-14 20:24:28.360 'Europe/Helsinki'] [timed(sb),6800] DEBUG: at machine.cpp:327 in void machine_t::update_rtc_alarm()
[880.361 (CET,GMT+1) 2012-03-14 20:24:28.361 'Europe/Helsinki'] [timed(sb),6800] DEBUG at machine.cpp:351 in void machine_t::update_rtc_alarm():
[880.361 (CET,GMT+1) 2012-03-14 20:24:28.361 'Europe/Helsinki'] [timed(sb),6800] -- rtc.enabled=0
[880.361 (CET,GMT+1) 2012-03-14 20:24:28.361 'Europe/Helsinki'] [timed(sb),6800] ERROR: Can't open real time clock: Permission denied
[880.361 (CET,GMT+1) 2012-03-14 20:24:28.361 'Europe/Helsinki'] [timed(sb),6800] DEBUG: at machine.cpp:385 in void machine_t::send_bootup_signal()
[880.361 (CET,GMT+1) 2012-03-14 20:24:28.361 'Europe/Helsinki'] [timed(sb),6800] DEBUG at machine.cpp:395 in void machine_t::send_bootup_signal():
[880.361 (CET,GMT+1) 2012-03-14 20:24:28.361 'Europe/Helsinki'] [timed(sb),6800] -- signalled_bootup=0, next_bootup=0
[880.361 (CET,GMT+1) 2012-03-14 20:24:28.361 'Europe/Helsinki'] [timed(sb),6800] DEBUG: at machine.cpp:398 in void machine_t::send_bootup_signal()
[880.361 (CET,GMT+1) 2012-03-14 20:24:28.361 'Europe/Helsinki'] [timed(sb),6800] DEBUG at state.cpp:328 in void state_queued_t::engine_pause(int):
[880.361 (CET,GMT+1) 2012-03-14 20:24:28.361 'Europe/Helsinki'] [timed(sb),6800] -- dx=-1, current pause value: '1', new value will be 0
[880.361 (CET,GMT+1) 2012-03-14 20:24:28.361 'Europe/Helsinki'] [timed(sb),6800] NOTICE: go to sleep, no alarm queued
[880.361 (CET,GMT+1) 2012-03-14 20:24:28.361 'Europe/Helsinki'] [timed(sb),6800] DEBUG: at machine.cpp:327 in void machine_t::update_rtc_alarm()
[880.361 (CET,GMT+1) 2012-03-14 20:24:28.361 'Europe/Helsinki'] [timed(sb),6800] DEBUG at machine.cpp:351 in void machine_t::update_rtc_alarm():
[880.361 (CET,GMT+1) 2012-03-14 20:24:28.361 'Europe/Helsinki'] [timed(sb),6800] -- rtc.enabled=0
[880.361 (CET,GMT+1) 2012-03-14 20:24:28.361 'Europe/Helsinki'] [timed(sb),6800] ERROR: Can't open real time clock: Permission denied
[880.361 (CET,GMT+1) 2012-03-14 20:24:28.361 'Europe/Helsinki'] [timed(sb),6800] DEBUG: at machine.cpp:385 in void machine_t::send_bootup_signal()
[880.361 (CET,GMT+1) 2012-03-14 20:24:28.361 'Europe/Helsinki'] [timed(sb),6800] DEBUG at machine.cpp:395 in void machine_t::send_bootup_signal():
[880.361 (CET,GMT+1) 2012-03-14 20:24:28.361 'Europe/Helsinki'] [timed(sb),6800] -- signalled_bootup=0, next_bootup=0
[880.361 (CET,GMT+1) 2012-03-14 20:24:28.361 'Europe/Helsinki'] [timed(sb),6800] DEBUG: at machine.cpp:398 in void machine_t::send_bootup_signal()
[880.361 (CET,GMT+1) 2012-03-14 20:24:28.361 'Europe/Helsinki'] [timed(sb),6800] DEBUG: at timed.cpp:155 in Timed::Timed(int, char**)
[880.361 (CET,GMT+1) 2012-03-14 20:24:28.361 'Europe/Helsinki'] [timed(sb),6800] DEBUG at timed.cpp:157 in Timed::Timed(int, char**):
[880.361 (CET,GMT+1) 2012-03-14 20:24:28.361 'Europe/Helsinki'] [timed(sb),6800] -- applying time zone settings
[880.361 (CET,GMT+1) 2012-03-14 20:24:28.361 'Europe/Helsinki'] [timed(sb),6800] DEBUG: at settings.cpp:416 in void source_settings::postload_fix_manual_zone()
[880.361 (CET,GMT+1) 2012-03-14 20:24:28.361 'Europe/Helsinki'] [timed(sb),6800] DEBUG: at settings.cpp:431 in void source_settings::postload_fix_manual_zone()
[880.362 (CET,GMT+1) 2012-03-14 20:24:28.362 'Europe/Helsinki'] [timed(sb),6800] DEBUG: at timed.cpp:160 in Timed::Timed(int, char**)
[880.362 (CET,GMT+1) 2012-03-14 20:24:28.362 'Europe/Helsinki'] [timed(sb),6800] DEBUG: at notification.cpp:37 in void kernel_notification_t::start()
[880.362 (CET,GMT+1) 2012-03-14 20:24:28.362 'Europe/Helsinki'] [timed(sb),6800] NOTICE: started kernel system time change notification watcher (time_at_zero=1331752187.999993304)
[880.362 (CET,GMT+1) 2012-03-14 20:24:28.362 'Europe/Helsinki'] [timed(sb),6800] INFO at timed.cpp:164 in Timed::Timed(int, char**):
[880.362 (CET,GMT+1) 2012-03-14 20:24:28.362 'Europe/Helsinki'] [timed(sb),6800] -- daemon is up and running
[880.362 (CET,GMT+1) 2012-03-14 20:24:28.362 'Europe/Helsinki'] [timed(sb),6800] NOTICE: CSD::csd_operator_q {mcc='', mnc=''}
[880.379 (CET,GMT+1) 2012-03-14 20:24:28.379 'Europe/Helsinki'] [timed(sb),6800] DEBUG at tz.cpp:528 in void tz_oracle_t::cellular_operator(const cellular_operator_t&):
[880.379 (CET,GMT+1) 2012-03-14 20:24:28.379 'Europe/Helsinki'] [timed(sb),6800] -- o={mcc='', mnc=''}, empty=1, same=1, same_country=0
[880.379 (CET,GMT+1) 2012-03-14 20:24:28.379 'Europe/Helsinki'] [timed(sb),6800] DEBUG at tz.cpp:531 in void tz_oracle_t::cellular_operator(const cellular_operator_t&):
[880.379 (CET,GMT+1) 2012-03-14 20:24:28.379 'Europe/Helsinki'] [timed(sb),6800] -- empty operator
[880.380 (CET,GMT+1) 2012-03-14 20:24:28.380 'Europe/Helsinki'] [timed(sb),6800] DEBUG: at state.cpp:175 in virtual void abstract_concentrating_state_t::open()
[880.380 (CET,GMT+1) 2012-03-14 20:24:28.380 'Europe/Helsinki'] [timed(sb),6800] DEBUG: at state.cpp:180 in virtual void abstract_concentrating_state_t::open()
[880.380 (CET,GMT+1) 2012-03-14 20:24:28.380 'Europe/Helsinki'] [timed(sb),6800] NOTICE: CSD::csd_time_q {invalid}
[880.380 (CET,GMT+1) 2012-03-14 20:24:28.380 'Europe/Helsinki'] [timed(sb),6800] NOTICE: empty time info, ignoring it
[890.342 (CET,GMT+1) 2012-03-14 20:24:38.342 'Europe/Helsinki'] [timed(sb),6800] NOTICE: DBUS::com.nokia.time.get_wall_clock_info() by PEER:::1.25 
[890.343 (CET,GMT+1) 2012-03-14 20:24:38.343 'Europe/Helsinki'] [timed(sb),6800] DEBUG at settings.cpp:242 in Maemo::Timed::WallClock::wall_info_pimple_t* source_settings::get_wall_clock_info(const nanotime_t&) const:
[890.343 (CET,GMT+1) 2012-03-14 20:24:38.343 'Europe/Helsinki'] [timed(sb),6800] -- back=N/A
[890.344 (CET,GMT+1) 2012-03-14 20:24:38.344 'Europe/Helsinki'] [timed(sb),6800] NOTICE: PEER:::1.25 pid=6874, cmdline='/usr/bin/meegotouchhome -software -o', creds={uid='tarekg', gid='tarekg', tokens=[GRP::1002, GRP::102, GRP::14, GRP::18, GRP::19, GRP::250, GRP::85, GRP::996, GRP::libuuid, GRP::lp, GRP::sudo, GRP::tarekg, GRP::uucp]}
[1002.364 (CET,GMT+1) 2012-03-14 20:26:30.364 'Europe/Helsinki'] [timed(sb),6800] NOTICE: DBUS::com.nokia.time.get_wall_clock_info() by PEER:::1.51 
[1002.365 (CET,GMT+1) 2012-03-14 20:26:30.365 'Europe/Helsinki'] [timed(sb),6800] DEBUG at settings.cpp:242 in Maemo::Timed::WallClock::wall_info_pimple_t* source_settings::get_wall_clock_info(const nanotime_t&) const:
[1002.365 (CET,GMT+1) 2012-03-14 20:26:30.365 'Europe/Helsinki'] [timed(sb),6800] -- back=N/A
[1002.366 (CET,GMT+1) 2012-03-14 20:26:30.366 'Europe/Helsinki'] [timed(sb),6800] NOTICE: PEER:::1.51 pid=7505, cmdline='/usr/bin/meegotouchhome -software -o', creds={uid='tarekg', gid='tarekg', tokens=[GRP::1002, GRP::102, GRP::14, GRP::18, GRP::19, GRP::250, GRP::85, GRP::996, GRP::libuuid, GRP::lp, GRP::sudo, GRP::tarekg, GRP::uucp]}
[1002.495 (CET,GMT+1) 2012-03-14 20:26:30.495 'Europe/Helsinki'] [timed(sb),6800] NOTICE: DBUS::com.nokia.time.get_wall_clock_info() by PEER:::1.49 
[1002.495 (CET,GMT+1) 2012-03-14 20:26:30.495 'Europe/Helsinki'] [timed(sb),6800] DEBUG at settings.cpp:242 in Maemo::Timed::WallClock::wall_info_pimple_t* source_settings::get_wall_clock_info(const nanotime_t&) const:
[1002.495 (CET,GMT+1) 2012-03-14 20:26:30.495 'Europe/Helsinki'] [timed(sb),6800] -- back=N/A
[1002.497 (CET,GMT+1) 2012-03-14 20:26:30.497 'Europe/Helsinki'] [timed(sb),6800] NOTICE: PEER:::1.49 pid=7442, cmdline='/usr/bin/sysuid -software', creds={uid='tarekg', gid='tarekg', tokens=[GRP::1002, GRP::102, GRP::14, GRP::18, GRP::19, GRP::250, GRP::85, GRP::996, GRP::libuuid, GRP::lp, GRP::sudo, GRP::tarekg, GRP::uucp]}
[1011.544 (CET,GMT+1) 2012-03-14 20:26:39.544 'Europe/Helsinki'] [timed(sb),6800] NOTICE: ONLINE state: connected
[1011.545 (CET,GMT+1) 2012-03-14 20:26:39.545 'Europe/Helsinki'] [timed(sb),6800] DEBUG: at state.cpp:159 in virtual void abstract_gate_state_t::open()
[1011.545 (CET,GMT+1) 2012-03-14 20:26:39.545 'Europe/Helsinki'] [timed(sb),6800] DEBUG: at state.cpp:161 in virtual void abstract_gate_state_t::open()
[1011.545 (CET,GMT+1) 2012-03-14 20:26:39.545 'Europe/Helsinki'] [timed(sb),6800] DEBUG at state.cpp:164 in virtual void abstract_gate_state_t::open():
[1011.545 (CET,GMT+1) 2012-03-14 20:26:39.545 'Europe/Helsinki'] [timed(sb),6800] -- events.empty()=1
[1011.545 (CET,GMT+1) 2012-03-14 20:26:39.545 'Europe/Helsinki'] [timed(sb),6800] DEBUG: at state.cpp:167 in virtual void abstract_gate_state_t::open()
